<?xml version="1.0" encoding="UTF-8"?>
<testng-results ignored="0" total="15" passed="13" failed="2" skipped="0">
  <reporter-output>
  </reporter-output>
  <suite started-at="2026-04-07T16:48:19 EDT" name="Surefire suite" finished-at="2026-04-07T16:55:56 EDT" duration-ms="456859">
    <groups>
      <group name="cucumber">
        <method signature="AbstractTestNGCucumberTests.runScenario(io.cucumber.testng.PickleWrapper,io.cucumber.testng.FeatureWrapper)[pri:0, instance:runners.TestRunner@1534f01b]" name="runScenario" class="io.cucumber.testng.AbstractTestNGCucumberTests"/>
      </group> <!-- cucumber -->
    </groups>
    <test started-at="2026-04-07T16:48:19 EDT" name="Surefire test" finished-at="2026-04-07T16:55:56 EDT" duration-ms="456859">
      <class name="runners.TestRunner">
        <test-method is-config="true" signature="setUpClass(org.testng.ITestContext)[pri:0, instance:runners.TestRunner@1534f01b]" started-at="2026-04-07T16:48:19 EDT" name="setUpClass" finished-at="2026-04-07T16:48:19 EDT" duration-ms="729" status="PASS">
          <params>
            <param index="0">
              <value>
                <![CDATA[org.testng.TestRunner@63e70bf9]]>
              </value>
            </param>
          </params>
          <reporter-output>
          </reporter-output>
        </test-method> <!-- setUpClass -->
        <test-method signature="runScenario(io.cucumber.testng.PickleWrapper,io.cucumber.testng.FeatureWrapper)[pri:0, instance:runners.TestRunner@1534f01b]" started-at="2026-04-07T16:48:19 EDT" name="runScenario" description="Runs Cucumber Scenarios" data-provider="scenarios" finished-at="2026-04-07T16:49:06 EDT" duration-ms="46204" status="FAIL">
          <params>
            <param index="0">
              <value>
                <![CDATA["Add product to cart"]]>
              </value>
            </param>
            <param index="1">
              <value>
                <![CDATA["Cart Functionality"]]>
              </value>
            </param>
          </params>
          <exception class="java.lang.AssertionError">
            <message>
              <![CDATA[❌ Product was not found in the cart after adding expected [true] but found [false]]]>
            </message>
            <full-stacktrace>
              <![CDATA[java.lang.AssertionError: ❌ Product was not found in the cart after adding expected [true] but found [false]
at org.testng.Assert.fail(Assert.java:111)
at org.testng.Assert.failNotEquals(Assert.java:1578)
at org.testng.Assert.assertTrue(Assert.java:57)
at stepdefinitions.CartSteps.product_should_appear_in_cart(CartSteps.java:29)
at ✽.Product should appear in cart(file:///Users/ranajitchowdhury/eclipse-workspace/QaBrainsAutomation_Final/src/test/resources/features/CartCheckout.feature:10)
]]>
            </full-stacktrace>
          </exception> <!-- java.lang.AssertionError -->
          <reporter-output>
          </reporter-output>
        </test-method> <!-- runScenario -->
        <test-method signature="runScenario(io.cucumber.testng.PickleWrapper,io.cucumber.testng.FeatureWrapper)[pri:0, instance:runners.TestRunner@1534f01b]" started-at="2026-04-07T16:49:06 EDT" name="runScenario" description="Runs Cucumber Scenarios" data-provider="scenarios" finished-at="2026-04-07T16:49:53 EDT" duration-ms="47694" status="PASS">
          <params>
            <param index="0">
              <value>
                <![CDATA["Remove product from cart"]]>
              </value>
            </param>
            <param index="1">
              <value>
                <![CDATA["Cart Functionality"]]>
              </value>
            </param>
          </params>
          <reporter-output>
          </reporter-output>
        </test-method> <!-- runScenario -->
        <test-method signature="runScenario(io.cucumber.testng.PickleWrapper,io.cucumber.testng.FeatureWrapper)[pri:0, instance:runners.TestRunner@1534f01b]" started-at="2026-04-07T16:49:53 EDT" name="runScenario" description="Runs Cucumber Scenarios" data-provider="scenarios" finished-at="2026-04-07T16:50:23 EDT" duration-ms="29631" status="PASS">
          <params>
            <param index="0">
              <value>
                <![CDATA["Registered user can reset password"]]>
              </value>
            </param>
            <param index="1">
              <value>
                <![CDATA["Forgot Password functionality"]]>
              </value>
            </param>
          </params>
          <reporter-output>
          </reporter-output>
        </test-method> <!-- runScenario -->
        <test-method signature="runScenario(io.cucumber.testng.PickleWrapper,io.cucumber.testng.FeatureWrapper)[pri:0, instance:runners.TestRunner@1534f01b]" started-at="2026-04-07T16:50:23 EDT" name="runScenario" description="Runs Cucumber Scenarios" data-provider="scenarios" finished-at="2026-04-07T16:51:52 EDT" duration-ms="89159" status="FAIL">
          <params>
            <param index="0">
              <value>
                <![CDATA["Unregistered user cannot reset password"]]>
              </value>
            </param>
            <param index="1">
              <value>
                <![CDATA["Forgot Password functionality"]]>
              </value>
            </param>
          </params>
          <exception class="java.lang.AssertionError">
            <message>
              <![CDATA[expected [true] but found [false]]]>
            </message>
            <full-stacktrace>
              <![CDATA[java.lang.AssertionError: expected [true] but found [false]
at org.testng.Assert.fail(Assert.java:111)
at org.testng.Assert.failNotEquals(Assert.java:1578)
at org.testng.Assert.assertTrue(Assert.java:57)
at org.testng.Assert.assertTrue(Assert.java:67)
at stepdefinitions.ForgotPasswordSteps.userShouldSeeErrorMessage(ForgotPasswordSteps.java:53)
at ✽.User should see error message "Please include an '@' sign in the email address.'rezaulkarimgmail.com' is missing an'@'."(file:///Users/ranajitchowdhury/eclipse-workspace/QaBrainsAutomation_Final/src/test/resources/features/ForgotPassword.feature:15)
]]>
            </full-stacktrace>
          </exception> <!-- java.lang.AssertionError -->
          <reporter-output>
          </reporter-output>
        </test-method> <!-- runScenario -->
        <test-method signature="runScenario(io.cucumber.testng.PickleWrapper,io.cucumber.testng.FeatureWrapper)[pri:0, instance:runners.TestRunner@1534f01b]" started-at="2026-04-07T16:51:52 EDT" name="runScenario" description="Runs Cucumber Scenarios" data-provider="scenarios" finished-at="2026-04-07T16:52:22 EDT" duration-ms="29336" status="PASS">
          <params>
            <param index="0">
              <value>
                <![CDATA["Login with valid credentials"]]>
              </value>
            </param>
            <param index="1">
              <value>
                <![CDATA["Login Functionality"]]>
              </value>
            </param>
          </params>
          <reporter-output>
          </reporter-output>
        </test-method> <!-- runScenario -->
        <test-method signature="runScenario(io.cucumber.testng.PickleWrapper,io.cucumber.testng.FeatureWrapper)[pri:0, instance:runners.TestRunner@1534f01b]" started-at="2026-04-07T16:52:22 EDT" name="runScenario" description="Runs Cucumber Scenarios" data-provider="scenarios" finished-at="2026-04-07T16:52:55 EDT" duration-ms="33896" status="PASS">
          <params>
            <param index="0">
              <value>
                <![CDATA["Login with invalid credentials"]]>
              </value>
            </param>
            <param index="1">
              <value>
                <![CDATA["Login Functionality"]]>
              </value>
            </param>
          </params>
          <reporter-output>
          </reporter-output>
        </test-method> <!-- runScenario -->
        <test-method signature="runScenario(io.cucumber.testng.PickleWrapper,io.cucumber.testng.FeatureWrapper)[pri:0, instance:runners.TestRunner@1534f01b]" started-at="2026-04-07T16:52:55 EDT" name="runScenario" description="Runs Cucumber Scenarios" data-provider="scenarios" finished-at="2026-04-07T16:53:30 EDT" duration-ms="34786" status="PASS">
          <params>
            <param index="0">
              <value>
                <![CDATA["Logged in user should be able to logout"]]>
              </value>
            </param>
            <param index="1">
              <value>
                <![CDATA["Logout Functionality"]]>
              </value>
            </param>
          </params>
          <reporter-output>
          </reporter-output>
        </test-method> <!-- runScenario -->
        <test-method signature="runScenario(io.cucumber.testng.PickleWrapper,io.cucumber.testng.FeatureWrapper)[pri:0, instance:runners.TestRunner@1534f01b]" started-at="2026-04-07T16:53:30 EDT" name="runScenario" description="Runs Cucumber Scenarios" data-provider="scenarios" finished-at="2026-04-07T16:54:04 EDT" duration-ms="33522" status="PASS">
          <params>
            <param index="0">
              <value>
                <![CDATA["User should be able to register successfully with a valid email"]]>
              </value>
            </param>
            <param index="1">
              <value>
                <![CDATA["User Registration"]]>
              </value>
            </param>
          </params>
          <reporter-output>
          </reporter-output>
        </test-method> <!-- runScenario -->
        <test-method signature="runScenario(io.cucumber.testng.PickleWrapper,io.cucumber.testng.FeatureWrapper)[pri:0, instance:runners.TestRunner@1534f01b]" started-at="2026-04-07T16:54:04 EDT" name="runScenario" description="Runs Cucumber Scenarios" data-provider="scenarios" finished-at="2026-04-07T16:54:35 EDT" duration-ms="31465" status="PASS">
          <params>
            <param index="0">
              <value>
                <![CDATA["User should not be able to register with invalid email"]]>
              </value>
            </param>
            <param index="1">
              <value>
                <![CDATA["User Registration"]]>
              </value>
            </param>
          </params>
          <reporter-output>
          </reporter-output>
        </test-method> <!-- runScenario -->
        <test-method signature="runScenario(io.cucumber.testng.PickleWrapper,io.cucumber.testng.FeatureWrapper)[pri:0, instance:runners.TestRunner@1534f01b]" started-at="2026-04-07T16:54:35 EDT" name="runScenario" description="Runs Cucumber Scenarios" data-provider="scenarios" finished-at="2026-04-07T16:55:10 EDT" duration-ms="35225" status="PASS">
          <params>
            <param index="0">
              <value>
                <![CDATA["R-01 Add multiple products to cart"]]>
              </value>
            </param>
            <param index="1">
              <value>
                <![CDATA["Regression Test Suite"]]>
              </value>
            </param>
          </params>
          <reporter-output>
          </reporter-output>
        </test-method> <!-- runScenario -->
        <test-method signature="runScenario(io.cucumber.testng.PickleWrapper,io.cucumber.testng.FeatureWrapper)[pri:0, instance:runners.TestRunner@1534f01b]" started-at="2026-04-07T16:55:10 EDT" name="runScenario" description="Runs Cucumber Scenarios" data-provider="scenarios" finished-at="2026-04-07T16:55:20 EDT" duration-ms="9307" status="PASS">
          <params>
            <param index="0">
              <value>
                <![CDATA["R-02 Update product quantity"]]>
              </value>
            </param>
            <param index="1">
              <value>
                <![CDATA["Regression Test Suite"]]>
              </value>
            </param>
          </params>
          <reporter-output>
          </reporter-output>
        </test-method> <!-- runScenario -->
        <test-method signature="runScenario(io.cucumber.testng.PickleWrapper,io.cucumber.testng.FeatureWrapper)[pri:0, instance:runners.TestRunner@1534f01b]" started-at="2026-04-07T16:55:20 EDT" name="runScenario" description="Runs Cucumber Scenarios" data-provider="scenarios" finished-at="2026-04-07T16:55:29 EDT" duration-ms="8956" status="PASS">
          <params>
            <param index="0">
              <value>
                <![CDATA["R-03 Search invalid item"]]>
              </value>
            </param>
            <param index="1">
              <value>
                <![CDATA["Regression Test Suite"]]>
              </value>
            </param>
          </params>
          <reporter-output>
          </reporter-output>
        </test-method> <!-- runScenario -->
        <test-method signature="runScenario(io.cucumber.testng.PickleWrapper,io.cucumber.testng.FeatureWrapper)[pri:0, instance:runners.TestRunner@1534f01b]" started-at="2026-04-07T16:55:29 EDT" name="runScenario" description="Runs Cucumber Scenarios" data-provider="scenarios" finished-at="2026-04-07T16:55:37 EDT" duration-ms="8765" status="PASS">
          <params>
            <param index="0">
              <value>
                <![CDATA["S-01 Verify Home page loads"]]>
              </value>
            </param>
            <param index="1">
              <value>
                <![CDATA["Smoke Tests"]]>
              </value>
            </param>
          </params>
          <reporter-output>
          </reporter-output>
        </test-method> <!-- runScenario -->
        <test-method signature="runScenario(io.cucumber.testng.PickleWrapper,io.cucumber.testng.FeatureWrapper)[pri:0, instance:runners.TestRunner@1534f01b]" started-at="2026-04-07T16:55:37 EDT" name="runScenario" description="Runs Cucumber Scenarios" data-provider="scenarios" finished-at="2026-04-07T16:55:46 EDT" duration-ms="8786" status="PASS">
          <params>
            <param index="0">
              <value>
                <![CDATA["S-02 Verify navigation links"]]>
              </value>
            </param>
            <param index="1">
              <value>
                <![CDATA["Smoke Tests"]]>
              </value>
            </param>
          </params>
          <reporter-output>
          </reporter-output>
        </test-method> <!-- runScenario -->
        <test-method signature="runScenario(io.cucumber.testng.PickleWrapper,io.cucumber.testng.FeatureWrapper)[pri:0, instance:runners.TestRunner@1534f01b]" started-at="2026-04-07T16:55:46 EDT" name="runScenario" description="Runs Cucumber Scenarios" data-provider="scenarios" finished-at="2026-04-07T16:55:55 EDT" duration-ms="9187" status="PASS">
          <params>
            <param index="0">
              <value>
                <![CDATA["S-03 Verify wish list and refer a friend"]]>
              </value>
            </param>
            <param index="1">
              <value>
                <![CDATA["Smoke Tests"]]>
              </value>
            </param>
          </params>
          <reporter-output>
          </reporter-output>
        </test-method> <!-- runScenario -->
        <test-method is-config="true" signature="tearDownClass()[pri:0, instance:runners.TestRunner@1534f01b]" started-at="2026-04-07T16:55:55 EDT" name="tearDownClass" finished-at="2026-04-07T16:55:56 EDT" duration-ms="114" status="PASS">
          <reporter-output>
          </reporter-output>
        </test-method> <!-- tearDownClass -->
      </class> <!-- runners.TestRunner -->
    </test> <!-- Surefire test -->
  </suite> <!-- Surefire suite -->
</testng-results>
