<?xml version="1.0" encoding="UTF-8"?>
<!-- Generated by org.testng.reporters.JUnitReportReporter -->
<testsuite hostname="Mac" failures="2" tests="15" name="runners.TestRunner" time="455.919" errors="0" timestamp="2026-04-07T16:55:56 EDT" skipped="0">
  <testcase classname="runners.TestRunner" name="runScenario" time="33.522"/>
  <testcase classname="runners.TestRunner" name="runScenario" time="34.786"/>
  <testcase classname="runners.TestRunner" name="runScenario" time="47.694"/>
  <testcase classname="runners.TestRunner" name="runScenario" time="35.225"/>
  <testcase classname="runners.TestRunner" name="runScenario" time="8.956"/>
  <testcase classname="runners.TestRunner" name="runScenario" time="8.765"/>
  <testcase classname="runners.TestRunner" name="runScenario" time="8.786"/>
  <testcase classname="runners.TestRunner" name="runScenario" time="29.336"/>
  <testcase classname="runners.TestRunner" name="runScenario" time="31.465"/>
  <testcase classname="runners.TestRunner" name="runScenario" time="46.204">
    <failure message="❌ Product was not found in the cart after adding expected [true] but found [false]" type="java.lang.AssertionError">
      <![CDATA[java.lang.AssertionError: ❌ Product was not found in the cart after adding expected [true] but found [false]
at org.testng.Assert.fail(Assert.java:111)
at org.testng.Assert.failNotEquals(Assert.java:1578)
at org.testng.Assert.assertTrue(Assert.java:57)
at stepdefinitions.CartSteps.product_should_appear_in_cart(CartSteps.java:29)
at ✽.Product should appear in cart(file:///Users/ranajitchowdhury/eclipse-workspace/QaBrainsAutomation_Final/src/test/resources/features/CartCheckout.feature:10)
]]>
    </failure>
  </testcase> <!-- runScenario -->
  <testcase classname="runners.TestRunner" name="runScenario" time="89.159">
    <failure message="expected [true] but found [false]" type="java.lang.AssertionError">
      <![CDATA[java.lang.AssertionError: expected [true] but found [false]
at org.testng.Assert.fail(Assert.java:111)
at org.testng.Assert.failNotEquals(Assert.java:1578)
at org.testng.Assert.assertTrue(Assert.java:57)
at org.testng.Assert.assertTrue(Assert.java:67)
at stepdefinitions.ForgotPasswordSteps.userShouldSeeErrorMessage(ForgotPasswordSteps.java:53)
at ✽.User should see error message "Please include an '@' sign in the email address.'rezaulkarimgmail.com' is missing an'@'."(file:///Users/ranajitchowdhury/eclipse-workspace/QaBrainsAutomation_Final/src/test/resources/features/ForgotPassword.feature:15)
]]>
    </failure>
  </testcase> <!-- runScenario -->
  <testcase classname="runners.TestRunner" name="runScenario" time="33.896"/>
  <testcase classname="runners.TestRunner" name="runScenario" time="29.631"/>
  <testcase classname="runners.TestRunner" name="runScenario" time="9.187"/>
  <testcase classname="runners.TestRunner" name="runScenario" time="9.307"/>
</testsuite> <!-- runners.TestRunner -->
